#
# There is insufficient memory for the Java Runtime Environment to continue.
# Native memory allocation (malloc) failed to allocate 32744 bytes for ChunkPool::allocate
# Possible reasons:
#   The system is out of physical RAM or swap space
#   The process is running with CompressedOops enabled, and the Java Heap may be blocking the growth of the native heap
# Possible solutions:
#   Reduce memory load on the system
#   Increase physical memory or swap space
#   Check if swap backing store is full
#   Decrease Java heap size (-Xmx/-Xms)
#   Decrease number of Java threads
#   Decrease Java thread stack sizes (-Xss)
#   Set larger code cache with -XX:ReservedCodeCacheSize=
#   JVM is running with Unscaled Compressed Oops mode in which the Java heap is
#     placed in the first 4GB address space. The Java Heap base address is the
#     maximum limit for the native heap growth. Please use -XX:HeapBaseMinAddress
#     to set the Java Heap base and to place the Java Heap above 4GB virtual address.
# This output file may be truncated or incomplete.
#
#  Out of Memory Error (./src/hotspot/share/memory/arena.cpp:81), pid=7412, tid=7564
#
# JRE version: OpenJDK Runtime Environment Corretto-11.0.16.9.1 (11.0.16.1+9) (build 11.0.16.1+9-LTS)
# Java VM: OpenJDK 64-Bit Server VM Corretto-11.0.16.9.1 (11.0.16.1+9-LTS, mixed mode, tiered, compressed oops, g1 gc, windows-amd64)
# No core dump will be written. Minidumps are not enabled by default on client versions of Windows
#

---------------  S U M M A R Y ------------

Command Line: -Dmaven.multiModuleProjectDirectory=D:\Practicum\Yandex\ru\java\main\src\Sprint4 -Dmaven.home=D:\Program Files\JetBrains\IntelliJ IDEA Community Edition 2022.2.2\plugins\maven\lib\maven3 -Dclassworlds.conf=D:\Program Files\JetBrains\IntelliJ IDEA Community Edition 2022.2.2\plugins\maven\lib\maven3\bin\m2.conf -Dmaven.ext.class.path=D:\Program Files\JetBrains\IntelliJ IDEA Community Edition 2022.2.2\plugins\maven\lib\maven-event-listener.jar -javaagent:D:\Program Files\JetBrains\IntelliJ IDEA Community Edition 2022.2.2\lib\idea_rt.jar=61437:D:\Program Files\JetBrains\IntelliJ IDEA Community Edition 2022.2.2\bin -Dfile.encoding=UTF-8 org.codehaus.classworlds.Launcher -Didea.version=2022.2.2 test

Host: Intel(R) Celeron(R) CPU  N3050  @ 1.60GHz, 2 cores, 1G,  Windows 10 , 64 bit Build 19041 (10.0.19041.546)
Time: Sat Nov 26 13:59:19 2022 RTZ 2 (s 10 , 64 bit Build 19041 (10.0.19041.546) elapsed time: 56.536668 seconds (0d 0h 0m 56s)

---------------  T H R E A D  ---------------

Current thread (0x00000215fecef000):  JavaThread "C2 CompilerThread0" daemon [_thread_in_native, id=7564, stack(0x000000303d300000,0x000000303d400000)]


Current CompileTask:
C2:  56544 3988   !   4       jdk.internal.loader.BuiltinClassLoader::loadClassOrNull (143 bytes)

Stack: [0x000000303d300000,0x000000303d400000]
Native frames: (J=compiled Java code, j=interpreted, Vv=VM code, C=native code)
V  [jvm.dll+0x61f23a]
V  [jvm.dll+0x7ac419]
V  [jvm.dll+0x7adb08]
V  [jvm.dll+0x7ae1e3]
V  [jvm.dll+0x24fa98]
V  [jvm.dll+0xc288b]
V  [jvm.dll+0xc2bec]
V  [jvm.dll+0xc273b]
V  [jvm.dll+0x5fccff]
V  [jvm.dll+0x64ff63]
V  [jvm.dll+0x19eb5d]
V  [jvm.dll+0x2090a2]
V  [jvm.dll+0x2080bd]
V  [jvm.dll+0x18a3b1]
V  [jvm.dll+0x217744]
V  [jvm.dll+0x21598b]
V  [jvm.dll+0x76ef20]
V  [jvm.dll+0x767e54]
V  [jvm.dll+0x61e0a5]
C  [ucrtbase.dll+0x214c2]
C  [KERNEL32.DLL+0x17034]
C  [ntdll.dll+0x4cec1]


---------------  P R O C E S S  ---------------

Threads class SMR info:
_java_thread_list=0x00000215ff0de530, length=11, elements={
0x00000215e5387000, 0x00000215fec94000, 0x00000215fec95800, 0x00000215fece2000,
0x00000215fece3000, 0x00000215feceb800, 0x00000215fecef000, 0x00000215fecf0800,
0x00000215fed22800, 0x00000215e5459000, 0x00000215ff05f800
}

Java Threads: ( => current thread )
  0x00000215e5387000 JavaThread "main" [_thread_in_vm, id=2352, stack(0x000000303c700000,0x000000303c800000)]
  0x00000215fec94000 JavaThread "Reference Handler" daemon [_thread_blocked, id=7876, stack(0x000000303ce00000,0x000000303cf00000)]
  0x00000215fec95800 JavaThread "Finalizer" daemon [_thread_blocked, id=2072, stack(0x000000303cf00000,0x000000303d000000)]
  0x00000215fece2000 JavaThread "Signal Dispatcher" daemon [_thread_blocked, id=7664, stack(0x000000303d000000,0x000000303d100000)]
  0x00000215fece3000 JavaThread "Attach Listener" daemon [_thread_blocked, id=5872, stack(0x000000303d100000,0x000000303d200000)]
  0x00000215feceb800 JavaThread "Service Thread" daemon [_thread_blocked, id=2968, stack(0x000000303d200000,0x000000303d300000)]
=>0x00000215fecef000 JavaThread "C2 CompilerThread0" daemon [_thread_in_native, id=7564, stack(0x000000303d300000,0x000000303d400000)]
  0x00000215fecf0800 JavaThread "C1 CompilerThread0" daemon [_thread_in_native, id=2456, stack(0x000000303d400000,0x000000303d500000)]
  0x00000215fed22800 JavaThread "Sweeper thread" daemon [_thread_blocked, id=7916, stack(0x000000303d500000,0x000000303d600000)]
  0x00000215e5459000 JavaThread "Common-Cleaner" daemon [_thread_blocked, id=6324, stack(0x000000303d600000,0x000000303d700000)]
  0x00000215ff05f800 JavaThread "Monitor Ctrl-Break" daemon [_thread_in_native, id=6228, stack(0x000000303d700000,0x000000303d800000)]

Other Threads:
  0x00000215fec80800 VMThread "VM Thread" [stack: 0x000000303cd00000,0x000000303ce00000] [id=3872]
  0x00000215ff0e8800 WatcherThread [stack: 0x000000303d800000,0x000000303d900000] [id=6116]
  0x00000215e539f000 GCTaskThread "GC Thread#0" [stack: 0x000000303c800000,0x000000303c900000] [id=4364]
  0x00000215ff4ba000 GCTaskThread "GC Thread#1" [stack: 0x000000303d900000,0x000000303da00000] [id=4156]
  0x00000215e53ae000 ConcurrentGCThread "G1 Main Marker" [stack: 0x000000303c900000,0x000000303ca00000] [id=4296]
  0x00000215e53b0800 ConcurrentGCThread "G1 Conc#0" [stack: 0x000000303ca00000,0x000000303cb00000] [id=5024]
  0x00000215e53e5000 ConcurrentGCThread "G1 Refine#0" [stack: 0x000000303cb00000,0x000000303cc00000] [id=3124]
  0x00000215e53e8800 ConcurrentGCThread "G1 Young RemSet Sampling" [stack: 0x000000303cc00000,0x000000303cd00000] [id=3136]

Threads with active compile tasks:
C2 CompilerThread0    56998 3988   !   4       jdk.internal.loader.BuiltinClassLoader::loadClassOrNull (143 bytes)
C1 CompilerThread0    56998 4132       3       com.sun.tools.javac.jvm.ClassReader::nextInt (93 bytes)

VM state:not at safepoint (normal execution)

VM Mutex/Monitor currently owned by a thread: None

Heap address: 0x00000000e1800000, size: 488 MB, Compressed Oops mode: 32-bit
Narrow klass base: 0x0000000000000000, Narrow klass shift: 3
Compressed class space size: 1073741824 Address: 0x0000000100000000

Heap:
 garbage-first heap   total 32768K, used 17603K [0x00000000e1800000, 0x0000000100000000)
  region size 1024K, 10 young (10240K), 2 survivors (2048K)
 Metaspace       used 30176K, capacity 30732K, committed 30848K, reserved 1077248K
  class space    used 3207K, capacity 3418K, committed 3456K, reserved 1048576K
Heap Regions: E=young(eden), S=young(survivor), O=old, HS=humongous(starts), HC=humongous(continues), CS=collection set, F=free, A=archive, TAMS=top-at-mark-start (previous, next)
|   0|0x00000000e1800000, 0x00000000e1900000, 0x00000000e1900000|100%| O|  |TAMS 0x00000000e1900000, 0x00000000e1800000| Untracked 
|   1|0x00000000e1900000, 0x00000000e1a00000, 0x00000000e1a00000|100%| O|  |TAMS 0x00000000e1a00000, 0x00000000e1900000| Untracked 
|   2|0x00000000e1a00000, 0x00000000e1b00000, 0x00000000e1b00000|100%| O|  |TAMS 0x00000000e1b00000, 0x00000000e1a00000| Untracked 
|   3|0x00000000e1b00000, 0x00000000e1c00000, 0x00000000e1c00000|100%| O|  |TAMS 0x00000000e1c00000, 0x00000000e1b00000| Untracked 
|   4|0x00000000e1c00000, 0x00000000e1d00000, 0x00000000e1d00000|100%| O|  |TAMS 0x00000000e1d00000, 0x00000000e1c00000| Untracked 
|   5|0x00000000e1d00000, 0x00000000e1e00000, 0x00000000e1e00000|100%| O|  |TAMS 0x00000000e1d89c00, 0x00000000e1d00000| Untracked 
|   6|0x00000000e1e00000, 0x00000000e1f00000, 0x00000000e1f00000|100%| O|  |TAMS 0x00000000e1e00000, 0x00000000e1e00000| Untracked 
|   7|0x00000000e1f00000, 0x00000000e2000000, 0x00000000e2000000|100%| O|  |TAMS 0x00000000e1f00000, 0x00000000e1f00000| Untracked 
|   8|0x00000000e2000000, 0x00000000e20a1c00, 0x00000000e2100000| 63%| O|  |TAMS 0x00000000e2000000, 0x00000000e2000000| Untracked 
|   9|0x00000000e2100000, 0x00000000e2100000, 0x00000000e2200000|  0%| F|  |TAMS 0x00000000e2100000, 0x00000000e2100000| Untracked 
|  10|0x00000000e2200000, 0x00000000e2200000, 0x00000000e2300000|  0%| F|  |TAMS 0x00000000e2200000, 0x00000000e2200000| Untracked 
|  11|0x00000000e2300000, 0x00000000e2300000, 0x00000000e2400000|  0%| F|  |TAMS 0x00000000e2300000, 0x00000000e2300000| Untracked 
|  12|0x00000000e2400000, 0x00000000e2400000, 0x00000000e2500000|  0%| F|  |TAMS 0x00000000e2400000, 0x00000000e2400000| Untracked 
|  13|0x00000000e2500000, 0x00000000e2500000, 0x00000000e2600000|  0%| F|  |TAMS 0x00000000e2500000, 0x00000000e2500000| Untracked 
|  14|0x00000000e2600000, 0x00000000e2600000, 0x00000000e2700000|  0%| F|  |TAMS 0x00000000e2600000, 0x00000000e2600000| Untracked 
|  15|0x00000000e2700000, 0x00000000e2700000, 0x00000000e2800000|  0%| F|  |TAMS 0x00000000e2700000, 0x00000000e2700000| Untracked 
|  16|0x00000000e2800000, 0x00000000e288f0c0, 0x00000000e2900000| 55%| S|CS|TAMS 0x00000000e2800000, 0x00000000e2800000| Complete 
|  17|0x00000000e2900000, 0x00000000e2900000, 0x00000000e2a00000|  0%| F|  |TAMS 0x00000000e2900000, 0x00000000e2900000| Untracked 
|  18|0x00000000e2a00000, 0x00000000e2b00000, 0x00000000e2b00000|100%| S|CS|TAMS 0x00000000e2a00000, 0x00000000e2a00000| Complete 
|  19|0x00000000e2b00000, 0x00000000e2b00000, 0x00000000e2c00000|  0%| F|  |TAMS 0x00000000e2b00000, 0x00000000e2b00000| Untracked 
|  20|0x00000000e2c00000, 0x00000000e2c00000, 0x00000000e2d00000|  0%| F|  |TAMS 0x00000000e2c00000, 0x00000000e2c00000| Untracked 
|  21|0x00000000e2d00000, 0x00000000e2d00000, 0x00000000e2e00000|  0%| F|  |TAMS 0x00000000e2d00000, 0x00000000e2d00000| Untracked 
|  22|0x00000000e2e00000, 0x00000000e2e00000, 0x00000000e2f00000|  0%| F|  |TAMS 0x00000000e2e00000, 0x00000000e2e00000| Untracked 
|  23|0x00000000e2f00000, 0x00000000e2f00000, 0x00000000e3000000|  0%| F|  |TAMS 0x00000000e2f00000, 0x00000000e2f00000| Untracked 
|  24|0x00000000e3000000, 0x00000000e3042ab8, 0x00000000e3100000| 26%| E|  |TAMS 0x00000000e3000000, 0x00000000e3000000| Complete 
|  25|0x00000000e3100000, 0x00000000e3200000, 0x00000000e3200000|100%| E|CS|TAMS 0x00000000e3100000, 0x00000000e3100000| Complete 
|  26|0x00000000e3200000, 0x00000000e3300000, 0x00000000e3300000|100%| E|CS|TAMS 0x00000000e3200000, 0x00000000e3200000| Complete 
|  27|0x00000000e3300000, 0x00000000e3400000, 0x00000000e3400000|100%| E|CS|TAMS 0x00000000e3300000, 0x00000000e3300000| Complete 
|  28|0x00000000e3400000, 0x00000000e3500000, 0x00000000e3500000|100%| E|CS|TAMS 0x00000000e3400000, 0x00000000e3400000| Complete 
|  29|0x00000000e3500000, 0x00000000e3600000, 0x00000000e3600000|100%| E|CS|TAMS 0x00000000e3500000, 0x00000000e3500000| Complete 
|  30|0x00000000e3600000, 0x00000000e3700000, 0x00000000e3700000|100%| E|CS|TAMS 0x00000000e3600000, 0x00000000e3600000| Complete 
|  31|0x00000000e3700000, 0x00000000e3800000, 0x00000000e3800000|100%| E|CS|TAMS 0x00000000e3700000, 0x00000000e3700000| Complete 

Card table byte_map: [0x00000215fcff0000,0x00000215fd0f0000] _byte_map_base: 0x00000215fc8e4000

Marking Bits (Prev, Next): (CMBitMap*) 0x00000215e53ab7e0, (CMBitMap*) 0x00000215e53ab7a8
 Prev Bits: [0x00000215fd990000, 0x00000215fe130000)
 Next Bits: [0x00000215fd1f0000, 0x00000215fd990000)

Polling page: 0x00000215e39a0000

Metaspace:

Usage:
  Non-class:     26.67 MB capacity,    26.34 MB ( 99%) used,   299.40 KB (  1%) free+waste,    45.88 KB ( <1%) overhead. 
      Class:      3.34 MB capacity,     3.13 MB ( 94%) used,   190.84 KB (  6%) free+waste,    19.31 KB ( <1%) overhead. 
       Both:     30.01 MB capacity,    29.47 MB ( 98%) used,   490.24 KB (  2%) free+waste,    65.19 KB ( <1%) overhead. 

Virtual space:
  Non-class space:       28.00 MB reserved,      26.75 MB ( 96%) committed 
      Class space:        1.00 GB reserved,       3.38 MB ( <1%) committed 
             Both:        1.03 GB reserved,      30.13 MB (  3%) committed 

Chunk freelists:
   Non-Class:  14.00 KB
       Class:  6.00 KB
        Both:  20.00 KB

MaxMetaspaceSize: 17179869184.00 GB
CompressedClassSpaceSize: 1.00 GB
Initial GC threshold: 20.80 MB
Current GC threshold: 34.79 MB
CDS: off

CodeHeap 'non-profiled nmethods': size=120064Kb used=1967Kb max_used=1967Kb free=118096Kb
 bounds [0x00000215f55b0000, 0x00000215f5820000, 0x00000215fcaf0000]
CodeHeap 'profiled nmethods': size=120000Kb used=9029Kb max_used=9029Kb free=110970Kb
 bounds [0x00000215ee080000, 0x00000215ee960000, 0x00000215f55b0000]
CodeHeap 'non-nmethods': size=5696Kb used=1188Kb max_used=1196Kb free=4508Kb
 bounds [0x00000215edaf0000, 0x00000215edd60000, 0x00000215ee080000]
 total_blobs=4573 nmethods=4119 adapters=367
 compilation: enabled
              stopped_count=0, restarted_count=0
 full_count=0

Compilation events (20 events):
Event: 56.369 Thread 0x00000215fecf0800 nmethod 4122 0x00000215ee94ee10 code [0x00000215ee94efe0, 0x00000215ee94f3b8]
Event: 56.370 Thread 0x00000215fecf0800 4123       3       com.sun.tools.javac.jvm.ClassReader::readModuleName (6 bytes)
Event: 56.370 Thread 0x00000215fecf0800 nmethod 4123 0x00000215ee94f510 code [0x00000215ee94f6c0, 0x00000215ee94f808]
Event: 56.372 Thread 0x00000215fecf0800 4124       1       com.sun.tools.javac.util.List$1::isEmpty (2 bytes)
Event: 56.372 Thread 0x00000215fecf0800 nmethod 4124 0x00000215f579b110 code [0x00000215f579b2c0, 0x00000215f579b378]
Event: 56.373 Thread 0x00000215fecf0800 4125       1       jdk.internal.jrtfs.JrtPath::toString (5 bytes)
Event: 56.373 Thread 0x00000215fecf0800 nmethod 4125 0x00000215f579b410 code [0x00000215f579b5c0, 0x00000215f579b678]
Event: 56.375 Thread 0x00000215fecf0800 4126       3       com.sun.tools.javac.jvm.ClassFile::internalize (16 bytes)
Event: 56.375 Thread 0x00000215fecf0800 nmethod 4126 0x00000215ee94f890 code [0x00000215ee94fa80, 0x00000215ee94fdd8]
Event: 56.378 Thread 0x00000215fecf0800 4127       3       com.sun.tools.javac.code.Directive$ExportsFlag::values (10 bytes)
Event: 56.378 Thread 0x00000215fecf0800 nmethod 4127 0x00000215ee94ff10 code [0x00000215ee9500e0, 0x00000215ee950368]
Event: 56.379 Thread 0x00000215fecf0800 4128       3       com.sun.tools.javac.jvm.ClassReader::readExportsFlags (57 bytes)
Event: 56.381 Thread 0x00000215fecf0800 nmethod 4128 0x00000215ee950410 code [0x00000215ee950620, 0x00000215ee950b48]
Event: 56.381 Thread 0x00000215fecf0800 4129       3       com.sun.tools.javac.code.Directive$ExportsDirective::<init> (20 bytes)
Event: 56.381 Thread 0x00000215fecf0800 nmethod 4129 0x00000215ee950d90 code [0x00000215ee950f60, 0x00000215ee951238]
Event: 56.417 Thread 0x00000215fecf0800 4130       3       java.util.stream.AbstractPipeline::isParallel (8 bytes)
Event: 56.418 Thread 0x00000215fecf0800 nmethod 4130 0x00000215ee951310 code [0x00000215ee9514c0, 0x00000215ee9515d8]
Event: 56.423 Thread 0x00000215fecf0800 4131       1       java.util.stream.AbstractPipeline::getStreamAndOpFlags (5 bytes)
Event: 56.426 Thread 0x00000215fecf0800 nmethod 4131 0x00000215f579b710 code [0x00000215f579b8c0, 0x00000215f579b978]
Event: 56.428 Thread 0x00000215fecf0800 4132       3       com.sun.tools.javac.jvm.ClassReader::nextInt (93 bytes)

GC Heap History (20 events):
Event: 21.094 GC heap before
{Heap before GC invocations=4 (full 0):
 garbage-first heap   total 32768K, used 14260K [0x00000000e1800000, 0x0000000100000000)
  region size 1024K, 13 young (13312K), 2 survivors (2048K)
 Metaspace       used 14758K, capacity 15044K, committed 15232K, reserved 1062912K
  class space    used 1480K, capacity 1563K, committed 1664K, reserved 1048576K
}
Event: 21.106 GC heap after
{Heap after GC invocations=5 (full 0):
 garbage-first heap   total 32768K, used 4344K [0x00000000e1800000, 0x0000000100000000)
  region size 1024K, 1 young (1024K), 1 survivors (1024K)
 Metaspace       used 14758K, capacity 15044K, committed 15232K, reserved 1062912K
  class space    used 1480K, capacity 1563K, committed 1664K, reserved 1048576K
}
Event: 24.584 GC heap before
{Heap before GC invocations=5 (full 0):
 garbage-first heap   total 32768K, used 16632K [0x00000000e1800000, 0x0000000100000000)
  region size 1024K, 13 young (13312K), 1 survivors (1024K)
 Metaspace       used 16587K, capacity 16825K, committed 17024K, reserved 1064960K
  class space    used 1697K, capacity 1793K, committed 1920K, reserved 1048576K
}
Event: 24.593 GC heap after
{Heap after GC invocations=6 (full 0):
 garbage-first heap   total 32768K, used 4861K [0x00000000e1800000, 0x0000000100000000)
  region size 1024K, 2 young (2048K), 2 survivors (2048K)
 Metaspace       used 16587K, capacity 16825K, committed 17024K, reserved 1064960K
  class space    used 1697K, capacity 1793K, committed 1920K, reserved 1048576K
}
Event: 27.148 GC heap before
{Heap before GC invocations=6 (full 0):
 garbage-first heap   total 32768K, used 17149K [0x00000000e1800000, 0x0000000100000000)
  region size 1024K, 14 young (14336K), 2 survivors (2048K)
 Metaspace       used 18422K, capacity 18737K, committed 19072K, reserved 1067008K
  class space    used 1958K, capacity 2087K, committed 2176K, reserved 1048576K
}
Event: 27.163 GC heap after
{Heap after GC invocations=7 (full 0):
 garbage-first heap   total 32768K, used 5820K [0x00000000e1800000, 0x0000000100000000)
  region size 1024K, 2 young (2048K), 2 survivors (2048K)
 Metaspace       used 18422K, capacity 18737K, committed 19072K, reserved 1067008K
  class space    used 1958K, capacity 2087K, committed 2176K, reserved 1048576K
}
Event: 31.834 GC heap before
{Heap before GC invocations=7 (full 0):
 garbage-first heap   total 32768K, used 16060K [0x00000000e1800000, 0x0000000100000000)
  region size 1024K, 14 young (14336K), 2 survivors (2048K)
 Metaspace       used 20781K, capacity 21113K, committed 21248K, reserved 1069056K
  class space    used 2188K, capacity 2293K, committed 2304K, reserved 1048576K
}
Event: 31.867 GC heap after
{Heap after GC invocations=8 (full 0):
 garbage-first heap   total 32768K, used 6504K [0x00000000e1800000, 0x0000000100000000)
  region size 1024K, 1 young (1024K), 1 survivors (1024K)
 Metaspace       used 20781K, capacity 21113K, committed 21248K, reserved 1069056K
  class space    used 2188K, capacity 2293K, committed 2304K, reserved 1048576K
}
Event: 35.356 GC heap before
{Heap before GC invocations=9 (full 0):
 garbage-first heap   total 32768K, used 18792K [0x00000000e1800000, 0x0000000100000000)
  region size 1024K, 13 young (13312K), 1 survivors (1024K)
 Metaspace       used 21411K, capacity 21834K, committed 22144K, reserved 1069056K
  class space    used 2233K, capacity 2361K, committed 2432K, reserved 1048576K
}
Event: 35.371 GC heap after
{Heap after GC invocations=10 (full 0):
 garbage-first heap   total 32768K, used 7232K [0x00000000e1800000, 0x0000000100000000)
  region size 1024K, 2 young (2048K), 2 survivors (2048K)
 Metaspace       used 21411K, capacity 21834K, committed 22144K, reserved 1069056K
  class space    used 2233K, capacity 2361K, committed 2432K, reserved 1048576K
}
Event: 39.465 GC heap before
{Heap before GC invocations=10 (full 0):
 garbage-first heap   total 32768K, used 19520K [0x00000000e1800000, 0x0000000100000000)
  region size 1024K, 14 young (14336K), 2 survivors (2048K)
 Metaspace       used 21644K, capacity 22027K, committed 22144K, reserved 1069056K
  class space    used 2234K, capacity 2361K, committed 2432K, reserved 1048576K
}
Event: 39.481 GC heap after
{Heap after GC invocations=11 (full 0):
 garbage-first heap   total 32768K, used 8183K [0x00000000e1800000, 0x0000000100000000)
  region size 1024K, 2 young (2048K), 2 survivors (2048K)
 Metaspace       used 21644K, capacity 22027K, committed 22144K, reserved 1069056K
  class space    used 2234K, capacity 2361K, committed 2432K, reserved 1048576K
}
Event: 44.349 GC heap before
{Heap before GC invocations=11 (full 0):
 garbage-first heap   total 32768K, used 19447K [0x00000000e1800000, 0x0000000100000000)
  region size 1024K, 14 young (14336K), 2 survivors (2048K)
 Metaspace       used 21958K, capacity 22444K, committed 22656K, reserved 1069056K
  class space    used 2250K, capacity 2393K, committed 2432K, reserved 1048576K
}
Event: 44.370 GC heap after
{Heap after GC invocations=12 (full 0):
 garbage-first heap   total 32768K, used 8352K [0x00000000e1800000, 0x0000000100000000)
  region size 1024K, 2 young (2048K), 2 survivors (2048K)
 Metaspace       used 21958K, capacity 22444K, committed 22656K, reserved 1069056K
  class space    used 2250K, capacity 2393K, committed 2432K, reserved 1048576K
}
Event: 48.029 GC heap before
{Heap before GC invocations=12 (full 0):
 garbage-first heap   total 32768K, used 21664K [0x00000000e1800000, 0x0000000100000000)
  region size 1024K, 15 young (15360K), 2 survivors (2048K)
 Metaspace       used 22678K, capacity 23108K, committed 23296K, reserved 1071104K
  class space    used 2327K, capacity 2465K, committed 2560K, reserved 1048576K
}
Event: 48.040 GC heap after
{Heap after GC invocations=13 (full 0):
 garbage-first heap   total 32768K, used 8913K [0x00000000e1800000, 0x0000000100000000)
  region size 1024K, 1 young (1024K), 1 survivors (1024K)
 Metaspace       used 22678K, capacity 23108K, committed 23296K, reserved 1071104K
  class space    used 2327K, capacity 2465K, committed 2560K, reserved 1048576K
}
Event: 50.238 GC heap before
{Heap before GC invocations=13 (full 0):
 garbage-first heap   total 32768K, used 23249K [0x00000000e1800000, 0x0000000100000000)
  region size 1024K, 15 young (15360K), 1 survivors (1024K)
 Metaspace       used 22848K, capacity 23302K, committed 23552K, reserved 1071104K
  class space    used 2327K, capacity 2465K, committed 2560K, reserved 1048576K
}
Event: 50.249 GC heap after
{Heap after GC invocations=14 (full 0):
 garbage-first heap   total 32768K, used 9547K [0x00000000e1800000, 0x0000000100000000)
  region size 1024K, 2 young (2048K), 2 survivors (2048K)
 Metaspace       used 22848K, capacity 23302K, committed 23552K, reserved 1071104K
  class space    used 2327K, capacity 2465K, committed 2560K, reserved 1048576K
}
Event: 53.906 GC heap before
{Heap before GC invocations=14 (full 0):
 garbage-first heap   total 32768K, used 22859K [0x00000000e1800000, 0x0000000100000000)
  region size 1024K, 15 young (15360K), 2 survivors (2048K)
 Metaspace       used 24891K, capacity 25389K, committed 25600K, reserved 1073152K
  class space    used 2558K, capacity 2718K, committed 2816K, reserved 1048576K
}
Event: 53.920 GC heap after
{Heap after GC invocations=15 (full 0):
 garbage-first heap   total 32768K, used 10435K [0x00000000e1800000, 0x0000000100000000)
  region size 1024K, 2 young (2048K), 2 survivors (2048K)
 Metaspace       used 24891K, capacity 25389K, committed 25600K, reserved 1073152K
  class space    used 2558K, capacity 2718K, committed 2816K, reserved 1048576K
}

Deoptimization events (20 events):
Event: 55.852 Thread 0x00000215e5387000 Uncommon trap: trap_request=0xffffffc6 fr.pc=0x00000215f5739a74 relative=0x0000000000000374
Event: 55.852 Thread 0x00000215e5387000 Uncommon trap: reason=bimorphic_or_optimized_type_check action=maybe_recompile pc=0x00000215f5739a74 method=java.util.regex.Matcher.match(II)Z @ 121 c2
Event: 55.852 Thread 0x00000215e5387000 DEOPT PACKING pc=0x00000215f5739a74 sp=0x000000303c7fc620
Event: 55.852 Thread 0x00000215e5387000 DEOPT UNPACKING pc=0x00000215edb3a1a9 sp=0x000000303c7fc598 mode 2
Event: 55.943 Thread 0x00000215e5387000 Uncommon trap: trap_request=0xffffff4d fr.pc=0x00000215f56d49b8 relative=0x0000000000000098
Event: 55.943 Thread 0x00000215e5387000 Uncommon trap: reason=unstable_if action=reinterpret pc=0x00000215f56d49b8 method=java.lang.CharacterDataLatin1.digit(II)I @ 7 c2
Event: 55.943 Thread 0x00000215e5387000 DEOPT PACKING pc=0x00000215f56d49b8 sp=0x000000303c7fced0
Event: 55.943 Thread 0x00000215e5387000 DEOPT UNPACKING pc=0x00000215edb3a1a9 sp=0x000000303c7fce50 mode 2
Event: 56.136 Thread 0x00000215e5387000 Uncommon trap: trap_request=0xffffffc6 fr.pc=0x00000215f5739a74 relative=0x0000000000000374
Event: 56.136 Thread 0x00000215e5387000 Uncommon trap: reason=bimorphic_or_optimized_type_check action=maybe_recompile pc=0x00000215f5739a74 method=java.util.regex.Matcher.match(II)Z @ 121 c2
Event: 56.136 Thread 0x00000215e5387000 DEOPT PACKING pc=0x00000215f5739a74 sp=0x000000303c7fcff0
Event: 56.136 Thread 0x00000215e5387000 DEOPT UNPACKING pc=0x00000215edb3a1a9 sp=0x000000303c7fcf68 mode 2
Event: 56.136 Thread 0x00000215e5387000 Uncommon trap: trap_request=0xffffffc6 fr.pc=0x00000215f5739a74 relative=0x0000000000000374
Event: 56.136 Thread 0x00000215e5387000 Uncommon trap: reason=bimorphic_or_optimized_type_check action=maybe_recompile pc=0x00000215f5739a74 method=java.util.regex.Matcher.match(II)Z @ 121 c2
Event: 56.136 Thread 0x00000215e5387000 DEOPT PACKING pc=0x00000215f5739a74 sp=0x000000303c7fcff0
Event: 56.136 Thread 0x00000215e5387000 DEOPT UNPACKING pc=0x00000215edb3a1a9 sp=0x000000303c7fcf68 mode 2
Event: 56.137 Thread 0x00000215e5387000 Uncommon trap: trap_request=0xffffffc6 fr.pc=0x00000215f5739a74 relative=0x0000000000000374
Event: 56.137 Thread 0x00000215e5387000 Uncommon trap: reason=bimorphic_or_optimized_type_check action=maybe_recompile pc=0x00000215f5739a74 method=java.util.regex.Matcher.match(II)Z @ 121 c2
Event: 56.137 Thread 0x00000215e5387000 DEOPT PACKING pc=0x00000215f5739a74 sp=0x000000303c7fcff0
Event: 56.137 Thread 0x00000215e5387000 DEOPT UNPACKING pc=0x00000215edb3a1a9 sp=0x000000303c7fcf68 mode 2

Classes redefined (0 events):
No events

Internal exceptions (20 events):
Event: 27.583 Thread 0x00000215e5387000 Exception <a 'java/lang/NoClassDefFoundError'{0x00000000e36ea3f0}: javax/annotation/Priority> (0x00000000e36ea3f0) thrown at [./src/hotspot/share/classfile/systemDictionary.cpp, line 219]
Event: 30.515 Thread 0x00000215e5387000 Implicit null exception at 0x00000215f56727f8 to 0x00000215f56758a8
Event: 39.835 Thread 0x00000215e5387000 Implicit null exception at 0x00000215f5652bf5 to 0x00000215f5652db8
Event: 39.853 Thread 0x00000215e5387000 Implicit null exception at 0x00000215f55cdf2f to 0x00000215f55cdf9d
Event: 53.764 Thread 0x00000215e5387000 Exception <a 'sun/nio/fs/WindowsException'{0x00000000e2bd25a0}> (0x00000000e2bd25a0) thrown at [./src/hotspot/share/prims/jni.cpp, line 617]
Event: 54.094 Thread 0x00000215e5387000 Exception <a 'sun/nio/fs/WindowsException'{0x00000000e36038a8}> (0x00000000e36038a8) thrown at [./src/hotspot/share/prims/jni.cpp, line 617]
Event: 54.099 Thread 0x00000215e5387000 Exception <a 'sun/nio/fs/WindowsException'{0x00000000e36063a8}> (0x00000000e36063a8) thrown at [./src/hotspot/share/prims/jni.cpp, line 617]
Event: 54.175 Thread 0x00000215e5387000 Exception <a 'sun/nio/fs/WindowsException'{0x00000000e3635cf8}> (0x00000000e3635cf8) thrown at [./src/hotspot/share/prims/jni.cpp, line 617]
Event: 54.175 Thread 0x00000215e5387000 Exception <a 'sun/nio/fs/WindowsException'{0x00000000e3635fc8}> (0x00000000e3635fc8) thrown at [./src/hotspot/share/prims/jni.cpp, line 617]
Event: 54.186 Thread 0x00000215e5387000 Exception <a 'java/lang/NoSuchMethodError'{0x00000000e363dcf8}: 'int java.lang.invoke.DirectMethodHandle$Holder.invokeVirtual(java.lang.Object, java.lang.Object, java.lang.Object)'> (0x00000000e363dcf8) thrown at [./src/hotspot/share/interpreter/linkResolver.cpp, line 773]
Event: 54.718 Thread 0x00000215e5387000 Exception <a 'java/lang/NoSuchMethodError'{0x00000000e354b3e0}: 'int java.lang.invoke.DirectMethodHandle$Holder.invokeStaticInit(java.lang.Object, java.lang.Object)'> (0x00000000e354b3e0) thrown at [./src/hotspot/share/interpreter/linkResolver.cpp, line 773]
Event: 55.125 Thread 0x00000215e5387000 Exception <a 'java/lang/NoSuchMethodError'{0x00000000e340d4e0}: 'int java.lang.invoke.DirectMethodHandle$Holder.invokeVirtual(java.lang.Object, java.lang.Object)'> (0x00000000e340d4e0) thrown at [./src/hotspot/share/interpreter/linkResolver.cpp, line 773]
Event: 55.160 Thread 0x00000215e5387000 Exception <a 'java/lang/NoSuchMethodError'{0x00000000e343ba80}: 'java.lang.Object java.lang.invoke.Invokers$Holder.linkToTargetMethod(java.lang.Object, java.lang.Object, java.lang.Object, java.lang.Object, java.lang.Object, java.lang.Object)'> (0x00000000e343ba80) thrown at [./src/hotspot/share/interpreter/linkResolver.cpp, line 773]
Event: 55.249 Thread 0x00000215e5387000 Exception <a 'sun/nio/fs/WindowsException'{0x00000000e3463898}> (0x00000000e3463898) thrown at [./src/hotspot/share/prims/jni.cpp, line 617]
Event: 55.249 Thread 0x00000215e5387000 Exception <a 'sun/nio/fs/WindowsException'{0x00000000e3463b30}> (0x00000000e3463b30) thrown at [./src/hotspot/share/prims/jni.cpp, line 617]
Event: 55.966 Thread 0x00000215e5387000 Exception <a 'sun/nio/fs/WindowsException'{0x00000000e33dc020}> (0x00000000e33dc020) thrown at [./src/hotspot/share/prims/jni.cpp, line 617]
Event: 55.966 Thread 0x00000215e5387000 Exception <a 'sun/nio/fs/WindowsException'{0x00000000e33dc318}> (0x00000000e33dc318) thrown at [./src/hotspot/share/prims/jni.cpp, line 617]
Event: 55.967 Thread 0x00000215e5387000 Exception <a 'sun/nio/fs/WindowsException'{0x00000000e33dd438}> (0x00000000e33dd438) thrown at [./src/hotspot/share/prims/jni.cpp, line 617]
Event: 55.967 Thread 0x00000215e5387000 Exception <a 'sun/nio/fs/WindowsException'{0x00000000e33dd738}> (0x00000000e33dd738) thrown at [./src/hotspot/share/prims/jni.cpp, line 617]
Event: 56.233 Thread 0x00000215e5387000 Exception <a 'java/lang/NoSuchMethodError'{0x00000000e329a840}: 'int java.lang.invoke.DirectMethodHandle$Holder.invokeSpecial(java.lang.Object, java.lang.Object, java.lang.Object, java.lang.Object)'> (0x00000000e329a840) thrown at [./src/hotspot/share/interpreter/linkResolver.cpp, line 773]

Events (20 events):
Event: 56.260 loading class com/sun/tools/javac/code/Symbol
Event: 56.260 loading class com/sun/tools/javac/code/Symbol done
Event: 56.261 loading class com/sun/tools/javac/code/Symbol$ModuleSymbol
Event: 56.261 loading class com/sun/tools/javac/code/Symbol$ModuleSymbol done
Event: 56.262 loading class com/sun/tools/javac/comp/Modules
Event: 56.262 loading class com/sun/tools/javac/comp/Modules done
Event: 56.263 loading class com/sun/tools/javac/code/Directive$ExportsDirective
Event: 56.263 loading class com/sun/tools/javac/code/Directive$ExportsDirective done
Event: 56.263 loading class com/sun/tools/javac/code/Directive$ExportsDirective
Event: 56.263 loading class com/sun/tools/javac/code/Directive$ExportsDirective done
Event: 56.264 loading class java/util/stream/MatchOps$MatchKind
Event: 56.265 loading class java/util/stream/MatchOps$MatchKind done
Event: 56.266 loading class java/util/stream/MatchOps
Event: 56.267 loading class java/util/stream/MatchOps done
Event: 56.267 loading class java/util/stream/MatchOps$MatchOp
Event: 56.268 loading class java/util/stream/MatchOps$MatchOp done
Event: 56.269 loading class java/util/stream/MatchOps$BooleanTerminalSink
Event: 56.270 loading class java/util/stream/MatchOps$BooleanTerminalSink done
Event: 56.274 loading class java/util/stream/MatchOps$1MatchSink
Event: 56.275 loading class java/util/stream/MatchOps$1MatchSink done


Dynamic libraries:
0x00007ff7242b0000 - 0x00007ff7242bd000 	D:\Program Files\Amazon Corretto\jdk11.0.16_9\bin\java.exe
0x00007ffe51cb0000 - 0x00007ffe51ea6000 	C:\WINDOWS\SYSTEM32\ntdll.dll
0x00007ffe505a0000 - 0x00007ffe5065d000 	C:\WINDOWS\System32\KERNEL32.DLL
0x00007ffe4f870000 - 0x00007ffe4fb38000 	C:\WINDOWS\System32\KERNELBASE.dll
0x00007ffe4fc10000 - 0x00007ffe4fd10000 	C:\WINDOWS\System32\ucrtbase.dll
0x00007ffe456c0000 - 0x00007ffe456d7000 	D:\Program Files\Amazon Corretto\jdk11.0.16_9\bin\jli.dll
0x00007ffe46410000 - 0x00007ffe46429000 	D:\Program Files\Amazon Corretto\jdk11.0.16_9\bin\VCRUNTIME140.dll
0x00007ffe51060000 - 0x00007ffe51200000 	C:\WINDOWS\System32\USER32.dll
0x00007ffe4fb40000 - 0x00007ffe4fb62000 	C:\WINDOWS\System32\win32u.dll
0x00007ffe40350000 - 0x00007ffe405eb000 	C:\WINDOWS\WinSxS\amd64_microsoft.windows.common-controls_6595b64144ccf1df_6.0.19041.488_none_ca04af081b815d21\COMCTL32.dll
0x00007ffe4fe80000 - 0x00007ffe4ff1e000 	C:\WINDOWS\System32\msvcrt.dll
0x00007ffe506d0000 - 0x00007ffe506fa000 	C:\WINDOWS\System32\GDI32.dll
0x00007ffe4f6e0000 - 0x00007ffe4f7e9000 	C:\WINDOWS\System32\gdi32full.dll
0x00007ffe4fb70000 - 0x00007ffe4fc0d000 	C:\WINDOWS\System32\msvcp_win.dll
0x00007ffe51200000 - 0x00007ffe51230000 	C:\WINDOWS\System32\IMM32.DLL
0x00007ffe3dbd0000 - 0x00007ffe3dc6b000 	D:\Program Files\Amazon Corretto\jdk11.0.16_9\bin\msvcp140.dll
0x00007ffe20520000 - 0x00007ffe210a4000 	D:\Program Files\Amazon Corretto\jdk11.0.16_9\bin\server\jvm.dll
0x00007ffe51370000 - 0x00007ffe5141c000 	C:\WINDOWS\System32\ADVAPI32.dll
0x00007ffe51af0000 - 0x00007ffe51b8b000 	C:\WINDOWS\System32\sechost.dll
0x00007ffe51480000 - 0x00007ffe515a4000 	C:\WINDOWS\System32\RPCRT4.dll
0x00007ffe51c60000 - 0x00007ffe51c68000 	C:\WINDOWS\System32\PSAPI.DLL
0x00007ffe40330000 - 0x00007ffe40339000 	C:\WINDOWS\SYSTEM32\WSOCK32.dll
0x00007ffe50660000 - 0x00007ffe506cb000 	C:\WINDOWS\System32\WS2_32.dll
0x00007ffe3e450000 - 0x00007ffe3e45a000 	C:\WINDOWS\SYSTEM32\VERSION.dll
0x00007ffe39470000 - 0x00007ffe39497000 	C:\WINDOWS\SYSTEM32\WINMM.dll
0x00007ffe4d340000 - 0x00007ffe4d352000 	C:\WINDOWS\SYSTEM32\kernel.appcore.dll
0x00007ffe46290000 - 0x00007ffe462a0000 	D:\Program Files\Amazon Corretto\jdk11.0.16_9\bin\verify.dll
0x00007ffe3a2d0000 - 0x00007ffe3a4b4000 	C:\WINDOWS\SYSTEM32\DBGHELP.DLL
0x00007ffe39ec0000 - 0x00007ffe39eec000 	C:\WINDOWS\SYSTEM32\dbgcore.DLL
0x00007ffe4f7f0000 - 0x00007ffe4f86f000 	C:\WINDOWS\System32\bcryptPrimitives.dll
0x00007ffe3dba0000 - 0x00007ffe3dbc8000 	D:\Program Files\Amazon Corretto\jdk11.0.16_9\bin\java.dll
0x00007ffe456b0000 - 0x00007ffe456ba000 	D:\Program Files\Amazon Corretto\jdk11.0.16_9\bin\jimage.dll
0x00007ffe46430000 - 0x00007ffe4643e000 	D:\Program Files\Amazon Corretto\jdk11.0.16_9\bin\instrument.dll
0x00007ffe3db80000 - 0x00007ffe3db98000 	D:\Program Files\Amazon Corretto\jdk11.0.16_9\bin\zip.dll
0x00007ffe50910000 - 0x00007ffe51051000 	C:\WINDOWS\System32\SHELL32.dll
0x00007ffe4d540000 - 0x00007ffe4dcd5000 	C:\WINDOWS\SYSTEM32\windows.storage.dll
0x00007ffe50100000 - 0x00007ffe50455000 	C:\WINDOWS\System32\combase.dll
0x00007ffe4ed90000 - 0x00007ffe4edbc000 	C:\WINDOWS\SYSTEM32\Wldp.dll
0x00007ffe51230000 - 0x00007ffe512de000 	C:\WINDOWS\System32\SHCORE.dll
0x00007ffe50700000 - 0x00007ffe50755000 	C:\WINDOWS\System32\shlwapi.dll
0x00007ffe4f320000 - 0x00007ffe4f346000 	C:\WINDOWS\SYSTEM32\profapi.dll
0x00007ffe3db60000 - 0x00007ffe3db79000 	D:\Program Files\Amazon Corretto\jdk11.0.16_9\bin\net.dll
0x00007ffe42740000 - 0x00007ffe42840000 	C:\WINDOWS\SYSTEM32\WINHTTP.dll
0x00007ffe4eb10000 - 0x00007ffe4eb7a000 	C:\WINDOWS\system32\mswsock.dll
0x00007ffe3db40000 - 0x00007ffe3db53000 	D:\Program Files\Amazon Corretto\jdk11.0.16_9\bin\nio.dll
0x00007ffe3fab0000 - 0x00007ffe3faca000 	D:\Program Files\JetBrains\IntelliJ IDEA Community Edition 2022.2.2\bin\breakgen64.dll
0x00007ffe4ece0000 - 0x00007ffe4ecf8000 	C:\WINDOWS\SYSTEM32\CRYPTSP.dll
0x00007ffe4e4a0000 - 0x00007ffe4e4d4000 	C:\WINDOWS\system32\rsaenh.dll
0x00007ffe4f550000 - 0x00007ffe4f577000 	C:\WINDOWS\System32\bcrypt.dll
0x00007ffe4f2a0000 - 0x00007ffe4f2ce000 	C:\WINDOWS\SYSTEM32\USERENV.dll
0x00007ffe4ed00000 - 0x00007ffe4ed0c000 	C:\WINDOWS\SYSTEM32\CRYPTBASE.dll
0x00007ffe4e800000 - 0x00007ffe4e83b000 	C:\WINDOWS\SYSTEM32\IPHLPAPI.DLL
0x00007ffe50460000 - 0x00007ffe50468000 	C:\WINDOWS\System32\NSI.dll
0x00007ffe40980000 - 0x00007ffe40997000 	C:\WINDOWS\SYSTEM32\dhcpcsvc6.DLL
0x00007ffe41c80000 - 0x00007ffe41c9d000 	C:\WINDOWS\SYSTEM32\dhcpcsvc.DLL
0x00007ffe4e840000 - 0x00007ffe4e90b000 	C:\WINDOWS\SYSTEM32\DNSAPI.dll
0x00007ffe3faa0000 - 0x00007ffe3faaa000 	C:\Users\Dell\AppData\Local\Temp\jansi-1.17.1-6874654642551614013.dll
0x00007ffe3fa90000 - 0x00007ffe3fa9a000 	C:\Users\Dell\AppData\Local\Temp\jansi-1.17.1-10760943193116383960.dll

dbghelp: loaded successfully - version: 4.0.5 - missing functions: none
symbol engine: initialized successfully - sym options: 0x614 - pdb path: .;D:\Program Files\Amazon Corretto\jdk11.0.16_9\bin;C:\WINDOWS\SYSTEM32;C:\WINDOWS\WinSxS\amd64_microsoft.windows.common-controls_6595b64144ccf1df_6.0.19041.488_none_ca04af081b815d21;D:\Program Files\Amazon Corretto\jdk11.0.16_9\bin\server;D:\Program Files\JetBrains\IntelliJ IDEA Community Edition 2022.2.2\bin;C:\Users\Dell\AppData\Local\Temp

VM Arguments:
jvm_args: -Dmaven.multiModuleProjectDirectory=D:\Practicum\Yandex\ru\java\main\src\Sprint4 -Dmaven.home=D:\Program Files\JetBrains\IntelliJ IDEA Community Edition 2022.2.2\plugins\maven\lib\maven3 -Dclassworlds.conf=D:\Program Files\JetBrains\IntelliJ IDEA Community Edition 2022.2.2\plugins\maven\lib\maven3\bin\m2.conf -Dmaven.ext.class.path=D:\Program Files\JetBrains\IntelliJ IDEA Community Edition 2022.2.2\plugins\maven\lib\maven-event-listener.jar -javaagent:D:\Program Files\JetBrains\IntelliJ IDEA Community Edition 2022.2.2\lib\idea_rt.jar=61437:D:\Program Files\JetBrains\IntelliJ IDEA Community Edition 2022.2.2\bin -Dfile.encoding=UTF-8 
java_command: org.codehaus.classworlds.Launcher -Didea.version=2022.2.2 test
java_class_path (initial): D:\Program Files\JetBrains\IntelliJ IDEA Community Edition 2022.2.2\plugins\maven\lib\maven3\boot\plexus-classworlds-2.6.0.jar;D:\Program Files\JetBrains\IntelliJ IDEA Community Edition 2022.2.2\plugins\maven\lib\maven3\boot\plexus-classworlds.license
Launcher Type: SUN_STANDARD

[Global flags]
     intx CICompilerCount                          = 2                                         {product} {ergonomic}
     uint ConcGCThreads                            = 1                                         {product} {ergonomic}
     uint G1ConcRefinementThreads                  = 2                                         {product} {ergonomic}
   size_t G1HeapRegionSize                         = 1048576                                   {product} {ergonomic}
    uintx GCDrainStackTargetSize                   = 64                                        {product} {ergonomic}
   size_t InitialHeapSize                          = 33554432                                  {product} {ergonomic}
   size_t MarkStackSize                            = 4194304                                   {product} {ergonomic}
   size_t MaxHeapSize                              = 511705088                                 {product} {ergonomic}
   size_t MaxNewSize                               = 306184192                                 {product} {ergonomic}
   size_t MinHeapDeltaBytes                        = 1048576                                   {product} {ergonomic}
    uintx NonNMethodCodeHeapSize                   = 5825164                                {pd product} {ergonomic}
    uintx NonProfiledCodeHeapSize                  = 122916538                              {pd product} {ergonomic}
    uintx ProfiledCodeHeapSize                     = 122916538                              {pd product} {ergonomic}
    uintx ReservedCodeCacheSize                    = 251658240                              {pd product} {ergonomic}
     bool SegmentedCodeCache                       = true                                      {product} {ergonomic}
     bool UseCompressedClassPointers               = true                                 {lp64_product} {ergonomic}
     bool UseCompressedOops                        = true                                 {lp64_product} {ergonomic}
     bool UseG1GC                                  = true                                      {product} {ergonomic}
     bool UseLargePagesIndividualAllocation        = false                                  {pd product} {ergonomic}

Logging:
Log output configuration:
 #0: stdout all=warning uptime,level,tags
 #1: stderr all=off uptime,level,tags

Environment Variables:
JAVA_HOME=D:\Program Files\Amazon Corretto\jdk11.0.16_9
PATH=D:\Program Files\Amazon Corretto\jdk11.0.16_9\bin;C:\WINDOWS\system32;C:\WINDOWS;C:\WINDOWS\System32\Wbem;C:\WINDOWS\System32\WindowsPowerShell\v1.0\;C:\WINDOWS\System32\OpenSSH\;D:\Program Files\Git\cmd;D:\комп\apache-maven-3.8.6\bin;
USERNAME=Dell
OS=Windows_NT
PROCESSOR_IDENTIFIER=Intel64 Family 6 Model 76 Stepping 3, GenuineIntel
TMP=C:\Users\Dell\AppData\Local\Temp
TEMP=C:\Users\Dell\AppData\Local\Temp



---------------  S Y S T E M  ---------------

OS: Windows 10 , 64 bit Build 19041 (10.0.19041.546)
OS uptime: 0 days 0:37 hours

CPU:total 2 (initial active 2) (2 cores per cpu, 1 threads per core) family 6 model 76 stepping 3 microcode 0x368, cmov, cx8, fxsr, mmx, sse, sse2, sse3, ssse3, sse4.1, sse4.2, popcnt, aes, clmul, erms, 3dnowpref, tsc, tscinvbit

Memory: 4k page, system-wide physical 1946M (347M free)
TotalPageFile size 5595M (AvailPageFile size 1M)
current process WorkingSet (physical memory assigned to process): 109M, peak: 109M
current process commit charge ("private bytes"): 163M, peak: 163M

vm_info: OpenJDK 64-Bit Server VM (11.0.16.1+9-LTS) for windows-amd64 JRE (11.0.16.1+9-LTS), built on Aug 12 2022 20:01:58 by "Administrator" with MS VC++ 15.9 (VS2017)

END.
